<?xml version="1.0" encoding="UTF-8"?>
<!-- Generated by org.testng.reporters.JUnitReportReporter -->
<testsuite hostname="Lenovo" failures="0" tests="1" name="WithoutUsingPageFactoryAnnotation.WithoutAnnotation" time="73.681" errors="0" timestamp="2023-04-19T22:08:58 IST" skipped="0">
  <testcase classname="WithoutUsingPageFactoryAnnotation.WithoutAnnotation" name="loginmethods" time="73.681"/>
  <system-out/>
</testsuite> <!-- WithoutUsingPageFactoryAnnotation.WithoutAnnotation -->
